# JRE version: OpenJDK Runtime Environment (11.0.11+9) (build 11.0.11+9-b60-7590822)
# Java VM: OpenJDK 64-Bit Server VM (11.0.11+9-b60-7590822, mixed mode, tiered, compressed oops, g1 gc, windows-amd64)
Heap:
 garbage-first heap   total 189440K, used 133666K [0x0000000080000000, 0x0000000100000000)
  region size 1024K, 44 young (45056K), 6 survivors (6144K)
 Metaspace       used 103412K, capacity 105881K, committed 106188K, reserved 1140736K
  class space    used 13035K, capacity 13931K, committed 14028K, reserved 1048576K
GC Heap History (20 events):
Event: 8.680 GC heap before
{Heap before GC invocations=15 (full 0):
 garbage-first heap   total 189440K, used 129891K [0x0000000080000000, 0x0000000100000000)
  region size 1024K, 77 young (78848K), 8 survivors (8192K)
 Metaspace       used 68118K, capacity 69742K, committed 69964K, reserved 1110016K
  class space    used 8577K, capacity 9170K, committed 9292K, reserved 1048576K
}
Event: 8.693 GC heap after
{Heap after GC invocations=16 (full 0):
 garbage-first heap   total 189440K, used 65061K [0x0000000080000000, 0x0000000100000000)
  region size 1024K, 6 young (6144K), 6 survivors (6144K)
 Metaspace       used 68118K, capacity 69742K, committed 69964K, reserved 1110016K
  class space    used 8577K, capacity 9170K, committed 9292K, reserved 1048576K
}
Event: 9.667 GC heap before
{Heap before GC invocations=16 (full 0):
 garbage-first heap   total 189440K, used 135717K [0x0000000080000000, 0x0000000100000000)
  region size 1024K, 75 young (76800K), 6 survivors (6144K)
 Metaspace       used 75417K, capacity 77089K, committed 77260K, reserved 1116160K
  class space    used 9706K, capacity 10331K, committed 10444K, reserved 1048576K
}
Event: 9.678 GC heap after
{Heap after GC invocations=17 (full 0):
 garbage-first heap   total 189440K, used 69434K [0x0000000080000000, 0x0000000100000000)
  region size 1024K, 5 young (5120K), 5 survivors (5120K)
 Metaspace       used 75417K, capacity 77089K, committed 77260K, reserved 1116160K
  class space    used 9706K, capacity 10331K, committed 10444K, reserved 1048576K
}
Event: 10.634 GC heap before
{Heap before GC invocations=17 (full 0):
 garbage-first heap   total 189440K, used 140090K [0x0000000080000000, 0x0000000100000000)
  region size 1024K, 74 young (75776K), 5 survivors (5120K)
 Metaspace       used 82446K, capacity 84192K, committed 84300K, reserved 1122304K
  class space    used 10630K, capacity 11285K, committed 11340K, reserved 1048576K
}
Event: 10.644 GC heap after
{Heap after GC invocations=18 (full 0):
 garbage-first heap   total 189440K, used 75295K [0x0000000080000000, 0x0000000100000000)
  region size 1024K, 10 young (10240K), 10 survivors (10240K)
 Metaspace       used 82446K, capacity 84192K, committed 84300K, reserved 1122304K
  class space    used 10630K, capacity 11285K, committed 11340K, reserved 1048576K
}
Event: 11.721 GC heap before
{Heap before GC invocations=18 (full 0):
 garbage-first heap   total 189440K, used 143903K [0x0000000080000000, 0x0000000100000000)
  region size 1024K, 78 young (79872K), 10 survivors (10240K)
 Metaspace       used 85947K, capacity 88016K, committed 88140K, reserved 1126400K
  class space    used 11057K, capacity 11824K, committed 11852K, reserved 1048576K
}
Event: 11.736 GC heap after
{Heap after GC invocations=19 (full 0):
 garbage-first heap   total 189440K, used 83272K [0x0000000080000000, 0x0000000100000000)
  region size 1024K, 8 young (8192K), 8 survivors (8192K)
 Metaspace       used 85947K, capacity 88016K, committed 88140K, reserved 1126400K
  class space    used 11057K, capacity 11824K, committed 11852K, reserved 1048576K
}
Event: 12.368 GC heap before
{Heap before GC invocations=19 (full 0):
 garbage-first heap   total 189440K, used 146760K [0x0000000080000000, 0x0000000100000000)
  region size 1024K, 71 young (72704K), 8 survivors (8192K)
 Metaspace       used 90595K, capacity 92711K, committed 92876K, reserved 1130496K
  class space    used 11676K, capacity 12445K, committed 12492K, reserved 1048576K
}
Event: 12.376 GC heap after
{Heap after GC invocations=20 (full 0):
 garbage-first heap   total 189440K, used 84992K [0x0000000080000000, 0x0000000100000000)
  region size 1024K, 2 young (2048K), 2 survivors (2048K)
 Metaspace       used 90595K, capacity 92711K, committed 92876K, reserved 1130496K
  class space    used 11676K, capacity 12445K, committed 12492K, reserved 1048576K
}
Event: 13.950 GC heap before
{Heap before GC invocations=20 (full 0):
 garbage-first heap   total 189440K, used 150528K [0x0000000080000000, 0x0000000100000000)
  region size 1024K, 67 young (68608K), 2 survivors (2048K)
 Metaspace       used 94436K, capacity 96668K, committed 96972K, reserved 1132544K
  class space    used 12102K, capacity 12904K, committed 13004K, reserved 1048576K
}
Event: 13.960 GC heap after
{Heap after GC invocations=21 (full 0):
 garbage-first heap   total 189440K, used 90849K [0x0000000080000000, 0x0000000100000000)
  region size 1024K, 8 young (8192K), 8 survivors (8192K)
 Metaspace       used 94436K, capacity 96668K, committed 96972K, reserved 1132544K
  class space    used 12102K, capacity 12904K, committed 13004K, reserved 1048576K
}
Event: 14.343 GC heap before
{Heap before GC invocations=21 (full 0):
 garbage-first heap   total 189440K, used 153313K [0x0000000080000000, 0x0000000100000000)
  region size 1024K, 68 young (69632K), 8 survivors (8192K)
 Metaspace       used 96001K, capacity 98263K, committed 98380K, reserved 1134592K
  class space    used 12280K, capacity 13114K, committed 13132K, reserved 1048576K
}
Event: 14.352 GC heap after
{Heap after GC invocations=22 (full 0):
 garbage-first heap   total 189440K, used 95172K [0x0000000080000000, 0x0000000100000000)
  region size 1024K, 4 young (4096K), 4 survivors (4096K)
 Metaspace       used 96001K, capacity 98263K, committed 98380K, reserved 1134592K
  class space    used 12280K, capacity 13114K, committed 13132K, reserved 1048576K
}
Event: 14.547 GC heap before
{Heap before GC invocations=22 (full 0):
 garbage-first heap   total 189440K, used 154564K [0x0000000080000000, 0x0000000100000000)
  region size 1024K, 62 young (63488K), 4 survivors (4096K)
 Metaspace       used 96004K, capacity 98265K, committed 98380K, reserved 1134592K
  class space    used 12280K, capacity 13114K, committed 13132K, reserved 1048576K
}
Event: 14.550 GC heap after
{Heap after GC invocations=23 (full 0):
 garbage-first heap   total 189440K, used 95573K [0x0000000080000000, 0x0000000100000000)
  region size 1024K, 4 young (4096K), 4 survivors (4096K)
 Metaspace       used 96004K, capacity 98265K, committed 98380K, reserved 1134592K
  class space    used 12280K, capacity 13114K, committed 13132K, reserved 1048576K
}
Event: 14.918 GC heap before
{Heap before GC invocations=24 (full 0):
 garbage-first heap   total 189440K, used 157013K [0x0000000080000000, 0x0000000100000000)
  region size 1024K, 64 young (65536K), 4 survivors (4096K)
 Metaspace       used 96561K, capacity 98710K, committed 99020K, reserved 1134592K
  class space    used 12340K, capacity 13150K, committed 13260K, reserved 1048576K
}
Event: 14.922 GC heap after
{Heap after GC invocations=25 (full 0):
 garbage-first heap   total 189440K, used 94153K [0x0000000080000000, 0x0000000100000000)
  region size 1024K, 4 young (4096K), 4 survivors (4096K)
 Metaspace       used 96561K, capacity 98710K, committed 99020K, reserved 1134592K
  class space    used 12340K, capacity 13150K, committed 13260K, reserved 1048576K
}
Event: 57.896 GC heap before
{Heap before GC invocations=25 (full 0):
 garbage-first heap   total 189440K, used 156617K [0x0000000080000000, 0x0000000100000000)
  region size 1024K, 66 young (67584K), 4 survivors (4096K)
 Metaspace       used 102793K, capacity 105298K, committed 105420K, reserved 1140736K
  class space    used 13025K, capacity 13914K, committed 14028K, reserved 1048576K
}
Event: 57.909 GC heap after
{Heap after GC invocations=26 (full 0):
 garbage-first heap   total 189440K, used 96802K [0x0000000080000000, 0x0000000100000000)
  region size 1024K, 6 young (6144K), 6 survivors (6144K)
 Metaspace       used 102793K, capacity 105298K, committed 105420K, reserved 1140736K
  class space    used 13025K, capacity 13914K, committed 14028K, reserved 1048576K
}

