# JRE version: OpenJDK Runtime Environment (11.0.11+9) (build 11.0.11+9-b60-7590822)
# Java VM: OpenJDK 64-Bit Server VM (11.0.11+9-b60-7590822, mixed mode, tiered, compressed oops, g1 gc, windows-amd64)
Heap:
 garbage-first heap   total 684032K, used 249234K [0x0000000080000000, 0x0000000100000000)
  region size 1024K, 2 young (2048K), 2 survivors (2048K)
 Metaspace       used 138203K, capacity 141664K, committed 141940K, reserved 1173504K
  class space    used 17050K, capacity 18318K, committed 18432K, reserved 1048576K
GC Heap History (20 events):
Event: 733.257 GC heap after
{Heap after GC invocations=114 (full 0):
 garbage-first heap   total 227328K, used 174329K [0x0000000080000000, 0x0000000100000000)
  region size 1024K, 2 young (2048K), 2 survivors (2048K)
 Metaspace       used 138202K, capacity 141664K, committed 141940K, reserved 1173504K
  class space    used 17049K, capacity 18318K, committed 18432K, reserved 1048576K
}
Event: 733.301 GC heap before
{Heap before GC invocations=114 (full 0):
 garbage-first heap   total 227328K, used 189689K [0x0000000080000000, 0x0000000100000000)
  region size 1024K, 18 young (18432K), 2 survivors (2048K)
 Metaspace       used 138202K, capacity 141664K, committed 141940K, reserved 1173504K
  class space    used 17049K, capacity 18318K, committed 18432K, reserved 1048576K
}
Event: 733.304 GC heap after
{Heap after GC invocations=115 (full 0):
 garbage-first heap   total 227328K, used 180396K [0x0000000080000000, 0x0000000100000000)
  region size 1024K, 3 young (3072K), 3 survivors (3072K)
 Metaspace       used 138202K, capacity 141664K, committed 141940K, reserved 1173504K
  class space    used 17049K, capacity 18318K, committed 18432K, reserved 1048576K
}
Event: 733.340 GC heap before
{Heap before GC invocations=115 (full 0):
 garbage-first heap   total 227328K, used 191660K [0x0000000080000000, 0x0000000100000000)
  region size 1024K, 15 young (15360K), 3 survivors (3072K)
 Metaspace       used 138202K, capacity 141664K, committed 141940K, reserved 1173504K
  class space    used 17049K, capacity 18318K, committed 18432K, reserved 1048576K
}
Event: 733.344 GC heap after
{Heap after GC invocations=116 (full 0):
 garbage-first heap   total 273408K, used 182917K [0x0000000080000000, 0x0000000100000000)
  region size 1024K, 2 young (2048K), 2 survivors (2048K)
 Metaspace       used 138202K, capacity 141664K, committed 141940K, reserved 1173504K
  class space    used 17049K, capacity 18318K, committed 18432K, reserved 1048576K
}
Event: 733.453 GC heap before
{Heap before GC invocations=116 (full 0):
 garbage-first heap   total 273408K, used 214661K [0x0000000080000000, 0x0000000100000000)
  region size 1024K, 33 young (33792K), 2 survivors (2048K)
 Metaspace       used 138202K, capacity 141664K, committed 141940K, reserved 1173504K
  class space    used 17049K, capacity 18318K, committed 18432K, reserved 1048576K
}
Event: 733.457 GC heap after
{Heap after GC invocations=117 (full 0):
 garbage-first heap   total 273408K, used 195234K [0x0000000080000000, 0x0000000100000000)
  region size 1024K, 5 young (5120K), 5 survivors (5120K)
 Metaspace       used 138202K, capacity 141664K, committed 141940K, reserved 1173504K
  class space    used 17049K, capacity 18318K, committed 18432K, reserved 1048576K
}
Event: 733.577 GC heap before
{Heap before GC invocations=117 (full 0):
 garbage-first heap   total 273408K, used 219810K [0x0000000080000000, 0x0000000100000000)
  region size 1024K, 29 young (29696K), 5 survivors (5120K)
 Metaspace       used 138202K, capacity 141664K, committed 141940K, reserved 1173504K
  class space    used 17049K, capacity 18318K, committed 18432K, reserved 1048576K
}
Event: 733.580 GC heap after
{Heap after GC invocations=118 (full 0):
 garbage-first heap   total 273408K, used 206558K [0x0000000080000000, 0x0000000100000000)
  region size 1024K, 4 young (4096K), 4 survivors (4096K)
 Metaspace       used 138202K, capacity 141664K, committed 141940K, reserved 1173504K
  class space    used 17049K, capacity 18318K, committed 18432K, reserved 1048576K
}
Event: 733.669 GC heap before
{Heap before GC invocations=119 (full 0):
 garbage-first heap   total 273408K, used 226014K [0x0000000080000000, 0x0000000100000000)
  region size 1024K, 23 young (23552K), 4 survivors (4096K)
 Metaspace       used 138202K, capacity 141664K, committed 141940K, reserved 1173504K
  class space    used 17049K, capacity 18318K, committed 18432K, reserved 1048576K
}
Event: 733.671 GC heap after
{Heap after GC invocations=120 (full 0):
 garbage-first heap   total 273408K, used 213501K [0x0000000080000000, 0x0000000100000000)
  region size 1024K, 3 young (3072K), 3 survivors (3072K)
 Metaspace       used 138202K, capacity 141664K, committed 141940K, reserved 1173504K
  class space    used 17049K, capacity 18318K, committed 18432K, reserved 1048576K
}
Event: 733.710 GC heap before
{Heap before GC invocations=120 (full 0):
 garbage-first heap   total 273408K, used 222717K [0x0000000080000000, 0x0000000100000000)
  region size 1024K, 13 young (13312K), 3 survivors (3072K)
 Metaspace       used 138202K, capacity 141664K, committed 141940K, reserved 1173504K
  class space    used 17049K, capacity 18318K, committed 18432K, reserved 1048576K
}
Event: 733.713 GC heap after
{Heap after GC invocations=121 (full 0):
 garbage-first heap   total 328704K, used 214419K [0x0000000080000000, 0x0000000100000000)
  region size 1024K, 2 young (2048K), 2 survivors (2048K)
 Metaspace       used 138202K, capacity 141664K, committed 141940K, reserved 1173504K
  class space    used 17049K, capacity 18318K, committed 18432K, reserved 1048576K
}
Event: 733.889 GC heap before
{Heap before GC invocations=121 (full 0):
 garbage-first heap   total 328704K, used 252307K [0x0000000080000000, 0x0000000100000000)
  region size 1024K, 39 young (39936K), 2 survivors (2048K)
 Metaspace       used 138202K, capacity 141664K, committed 141940K, reserved 1173504K
  class space    used 17049K, capacity 18318K, committed 18432K, reserved 1048576K
}
Event: 733.895 GC heap after
{Heap after GC invocations=122 (full 0):
 garbage-first heap   total 328704K, used 231089K [0x0000000080000000, 0x0000000100000000)
  region size 1024K, 5 young (5120K), 5 survivors (5120K)
 Metaspace       used 138202K, capacity 141664K, committed 141940K, reserved 1173504K
  class space    used 17049K, capacity 18318K, committed 18432K, reserved 1048576K
}
Event: 734.162 GC heap before
{Heap before GC invocations=122 (full 0):
 garbage-first heap   total 328704K, used 261809K [0x0000000080000000, 0x0000000100000000)
  region size 1024K, 35 young (35840K), 5 survivors (5120K)
 Metaspace       used 138203K, capacity 141664K, committed 141940K, reserved 1173504K
  class space    used 17050K, capacity 18318K, committed 18432K, reserved 1048576K
}
Event: 734.215 GC heap after
{Heap after GC invocations=123 (full 0):
 garbage-first heap   total 328704K, used 244224K [0x0000000080000000, 0x0000000100000000)
  region size 1024K, 5 young (5120K), 5 survivors (5120K)
 Metaspace       used 138203K, capacity 141664K, committed 141940K, reserved 1173504K
  class space    used 17050K, capacity 18318K, committed 18432K, reserved 1048576K
}
Event: 734.337 GC heap before
{Heap before GC invocations=124 (full 0):
 garbage-first heap   total 328704K, used 267776K [0x0000000080000000, 0x0000000100000000)
  region size 1024K, 29 young (29696K), 5 survivors (5120K)
 Metaspace       used 138203K, capacity 141664K, committed 141940K, reserved 1173504K
  class space    used 17050K, capacity 18318K, committed 18432K, reserved 1048576K
}
Event: 734.341 GC heap after
{Heap after GC invocations=125 (full 0):
 garbage-first heap   total 328704K, used 250880K [0x0000000080000000, 0x0000000100000000)
  region size 1024K, 4 young (4096K), 4 survivors (4096K)
 Metaspace       used 138203K, capacity 141664K, committed 141940K, reserved 1173504K
  class space    used 17050K, capacity 18318K, committed 18432K, reserved 1048576K
}
Event: 734.389 GC heap before
{Heap before GC invocations=125 (full 0):
 garbage-first heap   total 328704K, used 263168K [0x0000000080000000, 0x0000000100000000)
  region size 1024K, 16 young (16384K), 4 survivors (4096K)
 Metaspace       used 138203K, capacity 141664K, committed 141940K, reserved 1173504K
  class space    used 17050K, capacity 18318K, committed 18432K, reserved 1048576K
}

