# JRE version: OpenJDK Runtime Environment (11.0.11+9) (build 11.0.11+9-b60-7590822)
# Java VM: OpenJDK 64-Bit Server VM (11.0.11+9-b60-7590822, mixed mode, tiered, compressed oops, g1 gc, windows-amd64)
Heap:
 garbage-first heap   total 396288K, used 200293K [0x0000000080000000, 0x0000000100000000)
  region size 1024K, 4 young (4096K), 4 survivors (4096K)
 Metaspace       used 95861K, capacity 98017K, committed 98124K, reserved 1134592K
  class space    used 12298K, capacity 13113K, committed 13132K, reserved 1048576K
GC Heap History (20 events):
Event: 14.474 GC heap after
{Heap after GC invocations=25 (full 0):
 garbage-first heap   total 227328K, used 148992K [0x0000000080000000, 0x0000000100000000)
  region size 1024K, 6 young (6144K), 6 survivors (6144K)
 Metaspace       used 93190K, capacity 95330K, committed 95564K, reserved 1132544K
  class space    used 11967K, capacity 12773K, committed 12876K, reserved 1048576K
}
Event: 14.592 GC heap before
{Heap before GC invocations=26 (full 0):
 garbage-first heap   total 227328K, used 176640K [0x0000000080000000, 0x0000000100000000)
  region size 1024K, 34 young (34816K), 6 survivors (6144K)
 Metaspace       used 93150K, capacity 95268K, committed 95564K, reserved 1132544K
  class space    used 11955K, capacity 12751K, committed 12876K, reserved 1048576K
}
Event: 14.595 GC heap after
{Heap after GC invocations=27 (full 0):
 garbage-first heap   total 227328K, used 157184K [0x0000000080000000, 0x0000000100000000)
  region size 1024K, 5 young (5120K), 5 survivors (5120K)
 Metaspace       used 93150K, capacity 95268K, committed 95564K, reserved 1132544K
  class space    used 11955K, capacity 12751K, committed 12876K, reserved 1048576K
}
Event: 14.618 GC heap before
{Heap before GC invocations=27 (full 0):
 garbage-first heap   total 227328K, used 162304K [0x0000000080000000, 0x0000000100000000)
  region size 1024K, 11 young (11264K), 5 survivors (5120K)
 Metaspace       used 93150K, capacity 95268K, committed 95564K, reserved 1132544K
  class space    used 11955K, capacity 12751K, committed 12876K, reserved 1048576K
}
Event: 14.620 GC heap after
{Heap after GC invocations=28 (full 0):
 garbage-first heap   total 227328K, used 155648K [0x0000000080000000, 0x0000000100000000)
  region size 1024K, 2 young (2048K), 2 survivors (2048K)
 Metaspace       used 93150K, capacity 95268K, committed 95564K, reserved 1132544K
  class space    used 11955K, capacity 12751K, committed 12876K, reserved 1048576K
}
Event: 14.705 GC heap before
{Heap before GC invocations=28 (full 0):
 garbage-first heap   total 227328K, used 180224K [0x0000000080000000, 0x0000000100000000)
  region size 1024K, 26 young (26624K), 2 survivors (2048K)
 Metaspace       used 93151K, capacity 95268K, committed 95564K, reserved 1132544K
  class space    used 11955K, capacity 12751K, committed 12876K, reserved 1048576K
}
Event: 14.708 GC heap after
{Heap after GC invocations=29 (full 0):
 garbage-first heap   total 227328K, used 165334K [0x0000000080000000, 0x0000000100000000)
  region size 1024K, 4 young (4096K), 4 survivors (4096K)
 Metaspace       used 93151K, capacity 95268K, committed 95564K, reserved 1132544K
  class space    used 11955K, capacity 12751K, committed 12876K, reserved 1048576K
}
Event: 14.774 GC heap before
{Heap before GC invocations=29 (full 0):
 garbage-first heap   total 227328K, used 184790K [0x0000000080000000, 0x0000000100000000)
  region size 1024K, 23 young (23552K), 4 survivors (4096K)
 Metaspace       used 93151K, capacity 95268K, committed 95564K, reserved 1132544K
  class space    used 11955K, capacity 12751K, committed 12876K, reserved 1048576K
}
Event: 14.776 GC heap after
{Heap after GC invocations=30 (full 0):
 garbage-first heap   total 227328K, used 173008K [0x0000000080000000, 0x0000000100000000)
  region size 1024K, 3 young (3072K), 3 survivors (3072K)
 Metaspace       used 93151K, capacity 95268K, committed 95564K, reserved 1132544K
  class space    used 11955K, capacity 12751K, committed 12876K, reserved 1048576K
}
Event: 14.828 GC heap before
{Heap before GC invocations=30 (full 0):
 garbage-first heap   total 227328K, used 187344K [0x0000000080000000, 0x0000000100000000)
  region size 1024K, 18 young (18432K), 3 survivors (3072K)
 Metaspace       used 93151K, capacity 95268K, committed 95564K, reserved 1132544K
  class space    used 11955K, capacity 12751K, committed 12876K, reserved 1048576K
}
Event: 14.830 GC heap after
{Heap after GC invocations=31 (full 0):
 garbage-first heap   total 227328K, used 179200K [0x0000000080000000, 0x0000000100000000)
  region size 1024K, 3 young (3072K), 3 survivors (3072K)
 Metaspace       used 93151K, capacity 95268K, committed 95564K, reserved 1132544K
  class space    used 11955K, capacity 12751K, committed 12876K, reserved 1048576K
}
Event: 14.876 GC heap before
{Heap before GC invocations=31 (full 0):
 garbage-first heap   total 227328K, used 190464K [0x0000000080000000, 0x0000000100000000)
  region size 1024K, 15 young (15360K), 3 survivors (3072K)
 Metaspace       used 93151K, capacity 95268K, committed 95564K, reserved 1132544K
  class space    used 11955K, capacity 12751K, committed 12876K, reserved 1048576K
}
Event: 14.881 GC heap after
{Heap after GC invocations=32 (full 0):
 garbage-first heap   total 273408K, used 183899K [0x0000000080000000, 0x0000000100000000)
  region size 1024K, 2 young (2048K), 2 survivors (2048K)
 Metaspace       used 93151K, capacity 95268K, committed 95564K, reserved 1132544K
  class space    used 11955K, capacity 12751K, committed 12876K, reserved 1048576K
}
Event: 15.262 GC heap before
{Heap before GC invocations=33 (full 0):
 garbage-first heap   total 273408K, used 213595K [0x0000000080000000, 0x0000000100000000)
  region size 1024K, 31 young (31744K), 2 survivors (2048K)
 Metaspace       used 95853K, capacity 98016K, committed 98124K, reserved 1134592K
  class space    used 12298K, capacity 13113K, committed 13132K, reserved 1048576K
}
Event: 15.269 GC heap after
{Heap after GC invocations=34 (full 0):
 garbage-first heap   total 273408K, used 189703K [0x0000000080000000, 0x0000000100000000)
  region size 1024K, 4 young (4096K), 4 survivors (4096K)
 Metaspace       used 95853K, capacity 98016K, committed 98124K, reserved 1134592K
  class space    used 12298K, capacity 13113K, committed 13132K, reserved 1048576K
}
Event: 15.307 GC heap before
{Heap before GC invocations=34 (full 0):
 garbage-first heap   total 273408K, used 198919K [0x0000000080000000, 0x0000000100000000)
  region size 1024K, 13 young (13312K), 4 survivors (4096K)
 Metaspace       used 95860K, capacity 98016K, committed 98124K, reserved 1134592K
  class space    used 12298K, capacity 13113K, committed 13132K, reserved 1048576K
}
Event: 15.314 GC heap after
{Heap after GC invocations=35 (full 0):
 garbage-first heap   total 273408K, used 184690K [0x0000000080000000, 0x0000000100000000)
  region size 1024K, 2 young (2048K), 2 survivors (2048K)
 Metaspace       used 95860K, capacity 98016K, committed 98124K, reserved 1134592K
  class space    used 12298K, capacity 13113K, committed 13132K, reserved 1048576K
}
Event: 15.421 GC heap before
{Heap before GC invocations=35 (full 0):
 garbage-first heap   total 273408K, used 215410K [0x0000000080000000, 0x0000000100000000)
  region size 1024K, 32 young (32768K), 2 survivors (2048K)
 Metaspace       used 95861K, capacity 98017K, committed 98124K, reserved 1134592K
  class space    used 12298K, capacity 13113K, committed 13132K, reserved 1048576K
}
Event: 15.430 GC heap after
{Heap after GC invocations=36 (full 0):
 garbage-first heap   total 273408K, used 193199K [0x0000000080000000, 0x0000000100000000)
  region size 1024K, 4 young (4096K), 4 survivors (4096K)
 Metaspace       used 95861K, capacity 98017K, committed 98124K, reserved 1134592K
  class space    used 12298K, capacity 13113K, committed 13132K, reserved 1048576K
}
Event: 15.534 GC heap before
{Heap before GC invocations=36 (full 0):
 garbage-first heap   total 273408K, used 220847K [0x0000000080000000, 0x0000000100000000)
  region size 1024K, 31 young (31744K), 4 survivors (4096K)
 Metaspace       used 95861K, capacity 98017K, committed 98124K, reserved 1134592K
  class space    used 12298K, capacity 13113K, committed 13132K, reserved 1048576K
}

