# JRE version: OpenJDK Runtime Environment (11.0.11+9) (build 11.0.11+9-b60-7590822)
# Java VM: OpenJDK 64-Bit Server VM (11.0.11+9-b60-7590822, mixed mode, tiered, compressed oops, g1 gc, windows-amd64)
Heap:
 garbage-first heap   total 157696K, used 37580K [0x0000000080c00000, 0x0000000100000000)
  region size 1024K, 6 young (6144K), 6 survivors (6144K)
 Metaspace       used 45796K, capacity 46305K, committed 46540K, reserved 1089536K
  class space    used 5394K, capacity 5554K, committed 5580K, reserved 1048576K
GC Heap History (9 events):
Event: 0.397 GC heap before
{Heap before GC invocations=0 (full 0):
 garbage-first heap   total 131072K, used 17408K [0x0000000080c00000, 0x0000000100000000)
  region size 1024K, 14 young (14336K), 0 survivors (0K)
 Metaspace       used 9732K, capacity 9871K, committed 10112K, reserved 1058816K
  class space    used 825K, capacity 884K, committed 896K, reserved 1048576K
}
Event: 0.399 GC heap after
{Heap after GC invocations=1 (full 0):
 garbage-first heap   total 131072K, used 5235K [0x0000000080c00000, 0x0000000100000000)
  region size 1024K, 2 young (2048K), 2 survivors (2048K)
 Metaspace       used 9732K, capacity 9871K, committed 10112K, reserved 1058816K
  class space    used 825K, capacity 884K, committed 896K, reserved 1048576K
}
Event: 1.198 GC heap before
{Heap before GC invocations=1 (full 0):
 garbage-first heap   total 131072K, used 52339K [0x0000000080c00000, 0x0000000100000000)
  region size 1024K, 49 young (50176K), 2 survivors (2048K)
 Metaspace       used 20928K, capacity 21188K, committed 21248K, reserved 1069056K
  class space    used 2207K, capacity 2290K, committed 2304K, reserved 1048576K
}
Event: 1.209 GC heap after
{Heap after GC invocations=2 (full 0):
 garbage-first heap   total 131072K, used 9542K [0x0000000080c00000, 0x0000000100000000)
  region size 1024K, 7 young (7168K), 7 survivors (7168K)
 Metaspace       used 20928K, capacity 21188K, committed 21248K, reserved 1069056K
  class space    used 2207K, capacity 2290K, committed 2304K, reserved 1048576K
}
Event: 2.025 GC heap before
{Heap before GC invocations=3 (full 0):
 garbage-first heap   total 131072K, used 70982K [0x0000000080c00000, 0x0000000100000000)
  region size 1024K, 56 young (57344K), 7 survivors (7168K)
 Metaspace       used 29769K, capacity 30236K, committed 30336K, reserved 1075200K
  class space    used 3517K, capacity 3703K, committed 3712K, reserved 1048576K
}
Event: 2.041 GC heap after
{Heap after GC invocations=4 (full 0):
 garbage-first heap   total 131072K, used 24934K [0x0000000080c00000, 0x0000000100000000)
  region size 1024K, 7 young (7168K), 7 survivors (7168K)
 Metaspace       used 29769K, capacity 30236K, committed 30336K, reserved 1075200K
  class space    used 3517K, capacity 3703K, committed 3712K, reserved 1048576K
}
Event: 2.486 GC heap before
{Heap before GC invocations=4 (full 0):
 garbage-first heap   total 131072K, used 68966K [0x0000000080c00000, 0x0000000100000000)
  region size 1024K, 48 young (49152K), 7 survivors (7168K)
 Metaspace       used 35383K, capacity 35810K, committed 35840K, reserved 1081344K
  class space    used 4155K, capacity 4323K, committed 4352K, reserved 1048576K
}
Event: 2.497 GC heap after
{Heap after GC invocations=5 (full 0):
 garbage-first heap   total 131072K, used 30034K [0x0000000080c00000, 0x0000000100000000)
  region size 1024K, 6 young (6144K), 6 survivors (6144K)
 Metaspace       used 35383K, capacity 35810K, committed 35840K, reserved 1081344K
  class space    used 4155K, capacity 4323K, committed 4352K, reserved 1048576K
}
Event: 3.348 GC heap before
{Heap before GC invocations=6 (full 0):
 garbage-first heap   total 131072K, used 85330K [0x0000000080c00000, 0x0000000100000000)
  region size 1024K, 58 young (59392K), 6 survivors (6144K)
 Metaspace       used 45796K, capacity 46305K, committed 46540K, reserved 1089536K
  class space    used 5394K, capacity 5554K, committed 5580K, reserved 1048576K
}

